<?xml version="1.0" encoding="UTF-8"?>
<testsuite xmlns:xsi="http://www.w3.org/2001/XMLSchema-instance" xsi:schemaLocation="https://maven.apache.org/surefire/maven-surefire-plugin/xsd/surefire-test-report.xsd" name="chemicalsupplystore.CustomerTest" time="0.11" tests="13" errors="0" skipped="0" failures="0">
  <properties>
[...]
</properties>
  <testcase name="testSetterCustomerWithInvalidNumberOfNecessaryGoods" classname="chemicalsupplystore.CustomerTest" time="0.015"/>
  <testcase name="testToString" classname="chemicalsupplystore.CustomerTest" time="0"/>
  <testcase name="testSetterCustomerWithValidName" classname="chemicalsupplystore.CustomerTest" time="0"/>
  <testcase name="testGetterCustomerWithValidSurname" classname="chemicalsupplystore.CustomerTest" time="0"/>
  <testcase name="testGetterCustomerWithValidAmountOfMoney" classname="chemicalsupplystore.CustomerTest" time="0"/>
  <testcase name="testSetterCustomerWithValidSurname" classname="chemicalsupplystore.CustomerTest" time="0"/>
  <testcase name="testGetterCustomerWithValidNumberOfNecessaryGoods" classname="chemicalsupplystore.CustomerTest" time="0"/>
  <testcase name="testSetterCustomerWithInvalidSurname" classname="chemicalsupplystore.CustomerTest" time="0"/>
  <testcase name="testGetterCustomerWithValidName" classname="chemicalsupplystore.CustomerTest" time="0"/>
  <testcase name="testSetterCustomerWithValidNumberOfNecessaryGoods" classname="chemicalsupplystore.CustomerTest" time="0"/>
  <testcase name="testSetterCustomerWithInvalidName" classname="chemicalsupplystore.CustomerTest" time="0"/>
  <testcase name="testSetterCustomerWithInvalidAmountOfMoney" classname="chemicalsupplystore.CustomerTest" time="0"/>
  <testcase name="testSetterCustomerWithValidAmountOfMoney" classname="chemicalsupplystore.CustomerTest" time="0"/>
</testsuite>